<?xml version="1.0" encoding="UTF-8"?>
<!-- Generated by org.testng.reporters.JUnitXMLReporter -->
<testsuite ignored="0" hostname="USHYDKDARI010" failures="1" tests="4" name="Surefire test" time="24.369" errors="0" timestamp="2025-04-07T15:56:37 IST">
  <testcase classname="io.cucumber.testng.AbstractTestNGCucumberTests" name="runScenario" time="18.644"/>
  <testcase classname="io.cucumber.testng.AbstractTestNGCucumberTests" name="runScenario" time="18.987">
    <failure type="java.lang.AssertionError" message="Product is not matched expected [Beetroot] but found [No data]">
      <![CDATA[java.lang.AssertionError: Product is not matched expected [Beetroot] but found [No data]
at stepDefinitions.OfferPageStepDefinition.validate_Product_Name_In_Offers_Page_With_Landing_Page(OfferPageStepDefinition.java:35)
at âœ½.validate product name in offers page with landing page(file:///C:/Users/kdarisi/Downloads/CucumberFramework/my-cucumber-full-framework/src/test/java/features/searchProducts.feature:14)
... Removed 5 stack frames]]>
    </failure>
  </testcase> <!-- runScenario -->
  <testcase classname="io.cucumber.testng.AbstractTestNGCucumberTests" name="runScenario" time="23.156"/>
  <testcase classname="io.cucumber.testng.AbstractTestNGCucumberTests" name="runScenario" time="23.205"/>
</testsuite> <!-- Surefire test -->
