<?xml version="1.0" encoding="UTF-8"?>
<!-- Generated by org.testng.reporters.JUnitReportReporter -->
<testsuite hostname="USHYDKDARI010" failures="1" tests="1" name="cucumberOptions.FailedTestNGTestRunner" time="7.935" errors="0" timestamp="2025-04-07T14:08:18 IST" skipped="0">
  <testcase classname="cucumberOptions.FailedTestNGTestRunner" name="runScenario" time="7.935">
    <failure message="Product is not matched expected [Beetroot] but found [No data]" type="java.lang.AssertionError">
      <![CDATA[java.lang.AssertionError: Product is not matched expected [Beetroot] but found [No data]
at org.testng.Assert.fail(Assert.java:111)
at org.testng.Assert.failNotEquals(Assert.java:1590)
at org.testng.Assert.assertEqualsImpl(Assert.java:150)
at org.testng.Assert.assertEquals(Assert.java:132)
at org.testng.Assert.assertEquals(Assert.java:656)
at stepDefinitions.OfferPageStepDefinition.validate_Product_Name_In_Offers_Page_With_Landing_Page(OfferPageStepDefinition.java:35)
at âœ½.validate product name in offers page with landing page(file:///C:/Users/kdarisi/Downloads/CucumberFramework/my-cucumber-full-framework/src/test/java/features/searchProducts.feature:14)
]]>
    </failure>
  </testcase> <!-- runScenario -->
</testsuite> <!-- cucumberOptions.FailedTestNGTestRunner -->
